<?xml version="1.0" encoding="UTF-8"?>
<!-- Generated by org.testng.reporters.JUnitReportReporter -->
<testsuite skipped="0" hostname="DESKTOP-4SC5RBR" name="seleniumTest.DateBaseConnection" tests="1" failures="0" timestamp="23 Jun 2018 16:02:04 GMT" time="0.499" errors="0">
  <testcase name="connectDB" time="0.499" classname="seleniumTest.DateBaseConnection"/>
</testsuite> <!-- seleniumTest.DateBaseConnection -->
