<?xml version="1.0" encoding="UTF-8"?>
<!-- Generated by org.testng.reporters.JUnitReportReporter -->
<testsuite skipped="0" hostname="DESKTOP-4SC5RBR" name="seleniumTest.Dummy1" tests="2" failures="0" timestamp="23 Jun 2018 16:02:04 GMT" time="41.742" errors="0">
  <testcase name="ksrtc" time="16.363" classname="seleniumTest.Dummy1"/>
  <testcase name="ksrtcAgain" time="25.379" classname="seleniumTest.Dummy1"/>
</testsuite> <!-- seleniumTest.Dummy1 -->
