<?xml version="1.0" encoding="UTF-8"?>
<!-- Generated by org.testng.reporters.JUnitReportReporter -->
<testsuite skipped="0" hostname="DESKTOP-4SC5RBR" name="seleniumTest.Dummy1" tests="2" failures="0" timestamp="23 Jun 2018 18:24:24 GMT" time="15.914" errors="0">
  <testcase name="ksrtc" time="9.196" classname="seleniumTest.Dummy1"/>
  <testcase name="ksrtcAgain" time="6.718" classname="seleniumTest.Dummy1"/>
</testsuite> <!-- seleniumTest.Dummy1 -->
