<?xml version="1.0" encoding="UTF-8"?>
<!-- Generated by org.testng.reporters.JUnitReportReporter -->
<testsuite skipped="0" hostname="DESKTOP-4SC5RBR" name="createTelecomCustomer.CreateCustomer" tests="2" failures="0" timestamp="17 Jun 2018 19:43:01 GMT" time="12.689" errors="0">
  <testcase name="createCustomer1" time="9.038" classname="createTelecomCustomer.CreateCustomer"/>
  <testcase name="createCustomer2" time="3.651" classname="createTelecomCustomer.CreateCustomer"/>
</testsuite> <!-- createTelecomCustomer.CreateCustomer -->
