<?xml version="1.0" encoding="UTF-8"?>
<!-- Generated by org.testng.reporters.JUnitReportReporter -->
<testsuite skipped="0" hostname="DESKTOP-4SC5RBR" name="seleniumTest.Dummy2" tests="1" failures="0" timestamp="23 Jun 2018 18:24:24 GMT" time="0.008" errors="0">
  <testcase name="regression" time="0.008" classname="seleniumTest.Dummy2"/>
</testsuite> <!-- seleniumTest.Dummy2 -->
